
ROM used:   961/8192 (12%)
            961/8192 (12%) including unused fragments

            0.9 Average locations per line
            11.7 Average locations per statement

RAM used:   9/368 (2%) at main() level
            35/368 (10%) worst case

Stack used: 3 worst case (3 in main + 0 for interrupts)
Stack size: 8

Lines Stmts  %   Files
----- ----- ---  -----
   64    13  16  Sensor de temperatura LM35.c
  786     0   0  ..\..\..\..\..\Program Files\PICC\Devices\16F887.h
  239    69  84  flex_lcd.h
----- -----
 1089    82 Total

Page ROM  %  RAM    Vol Diff  Functions:
---- --- --- ---    --- ----  ----------
0     20   2    1             @delay_ms1
0      8   1    0     50  1.5  @const645
0     44   5    1    328  2.7  lcd_send_nibble
0     37   4    1    362  2.3  lcd_read_nibble
 Inline         3    165  3.3  lcd_read_byte
0     61   6    3    319  4.1  lcd_send_byte
0     48   5    2    384  4.4  lcd_init
 Inline         4    186  5.5  lcd_gotoxy
0     52   5    1    275  3.9  lcd_putc
0    134  14    0    297  3.0  MAIN
0     31   3    2             @ITOF
0    117  12   13             @MULFF
0     11   1    0             @const685
0     89   9    5             @PSTRINGCN7_667
 Inline         5             @FTOSD
0     79   8   13             @DIV3232
0    226  24   13             @PRINTF_L32D_667FPFPF
 Inline         0             @cinit1

Program metrics:
    Functions               9
    Statements              82
    Comments                229
    Volume (V)              3805
    Difficulty (D)          29.3
    Effort to implement (E) 111652
    Time to implement (T)   1 hours, 43 minutes
    Est Delivered Bugs (B)  1
    Cyclomatic Complexity   8
    Maintainability (MI)    154

 Segment     Used  Free
-----------  ----  ----
00000-00003     4  0  
00004-007FF   957  1087  
00800-00FFF     0  2048  
01000-017FF     0  2048  
01800-01FFF     0  2048  



