
ROM used:   941/8192 (11%)
            941/8192 (11%) including unused fragments

            1.0 Average locations per line
            11.6 Average locations per statement

RAM used:   9/368 (2%) at main() level
            35/368 (10%) worst case

Stack used: 3 worst case (3 in main + 0 for interrupts)
Stack size: 8

Lines Stmts  %   Files
----- ----- ---  -----
   64    12  15  Sensor de temperatura LM35.c
  684     0   0  ..\..\..\..\..\Program Files\PICC\Devices\16F877A.h
  239    69  85  flex_lcd.h
----- -----
  987    81 Total

Page ROM  %  RAM    Vol Diff  Functions:
---- --- --- ---    --- ----  ----------
0     20   2    1             @delay_ms1
0      8   1    0    297  3.0  @const638
0     44   5    1    328  2.7  lcd_send_nibble
0     37   4    1    362  2.3  lcd_read_nibble
 Inline         3    165  3.3  lcd_read_byte
0     61   6    3    319  4.1  lcd_send_byte
0     48   5    2    384  4.4  lcd_init
 Inline         4    186  5.5  lcd_gotoxy
0     52   6    1    275  3.9  lcd_putc
0    114  12    0    272  3.0  MAIN
0     31   3    2             @ITOF
0    117  12   13             @MULFF
0     11   1    0             @const678
0     89   9    5             @PSTRINGCN7_660
 Inline         5             @FTOSD
0     79   8   13             @DIV3232
0    226  24   13             @PRINTF_L32D_660FPFPF
 Inline         0             @cinit1

Program metrics:
    Functions               9
    Statements              81
    Comments                216
    Volume (V)              4179
    Difficulty (D)          30.7
    Effort to implement (E) 128465
    Time to implement (T)   1 hours, 59 minutes
    Est Delivered Bugs (B)  1
    Cyclomatic Complexity   8
    Maintainability (MI)    152

 Segment     Used  Free
-----------  ----  ----
00000-00003     4  0  
00004-007FF   937  1107  
00800-00FFF     0  2048  
01000-017FF     0  2048  
01800-01FFF     0  2048  



